<?xml version="1.0" encoding="UTF-8"?>
<!-- Generated by org.testng.reporters.JUnitXMLReporter -->
<testsuite hostname="Shankar-pc" name="Test" tests="3" failures="3" timestamp="4 Aug 2015 07:09:35 GMT" time="60.747" errors="0">
  <testcase name="buy3CheckoutTest" time="21.622" classname="com.totalgarciniadiscount.automation.Buy3CheckoutTest">
    <failure type="java.lang.AssertionError" message="Unsucessful Transaction ">
      <![CDATA[java.lang.AssertionError: Unsucessful Transaction 
	at com.totalgarciniadiscount.automation.Buy3CheckoutTest.buy3CheckoutTest(Buy3CheckoutTest.java:95)
... Removed 28 stack frames]]>
    </failure>
  </testcase> <!-- buy3CheckoutTest -->
  <testcase name="buy2CheckoutTest" time="21.247" classname="com.totalgarciniadiscount.automation.Buy2CheckoutTest">
    <failure type="java.lang.AssertionError" message="Unsucessful Transaction">
      <![CDATA[java.lang.AssertionError: Unsucessful Transaction
	at com.totalgarciniadiscount.automation.Buy2CheckoutTest.buy2CheckoutTest(Buy2CheckoutTest.java:96)
... Removed 28 stack frames]]>
    </failure>
  </testcase> <!-- buy2CheckoutTest -->
  <testcase name="buy1CheckoutTest" time="17.819" classname="com.totalgarciniadiscount.automation.Buy1CheckoutTest">
    <failure type="java.lang.AssertionError" message="Unsucessful Transaction">
      <![CDATA[java.lang.AssertionError: Unsucessful Transaction
	at com.totalgarciniadiscount.automation.Buy1CheckoutTest.buy1CheckoutTest(Buy1CheckoutTest.java:96)
... Removed 28 stack frames]]>
    </failure>
  </testcase> <!-- buy1CheckoutTest -->
</testsuite> <!-- Test -->
