<html>
<head>
<title>TestNG:  Test</title>
<link href="../testng.css" rel="stylesheet" type="text/css" />
<link href="../my-testng.css" rel="stylesheet" type="text/css" />

<style type="text/css">
.log { display: none;} 
.stack-trace { display: none;} 
</style>
<script type="text/javascript">
<!--
function flip(e) {
  current = e.style.display;
  if (current == 'block') {
    e.style.display = 'none';
    return 0;
  }
  else {
    e.style.display = 'block';
    return 1;
  }
}

function toggleBox(szDivId, elem, msg1, msg2)
{
  var res = -1;  if (document.getElementById) {
    res = flip(document.getElementById(szDivId));
  }
  else if (document.all) {
    // this is the way old msie versions work
    res = flip(document.all[szDivId]);
  }
  if(elem) {
    if(res == 0) elem.innerHTML = msg1; else elem.innerHTML = msg2;
  }

}

function toggleAllBoxes() {
  if (document.getElementsByTagName) {
    d = document.getElementsByTagName('div');
    for (i = 0; i < d.length; i++) {
      if (d[i].className == 'log') {
        flip(d[i]);
      }
    }
  }
}

// -->
</script>

</head>
<body>
<h2 align='center'>Test</h2><table border='1' align="center">
<tr>
<td>Tests passed/Failed/Skipped:</td><td>0/3/0</td>
</tr><tr>
<td>Started on:</td><td>Tue Aug 04 12:38:34 IST 2015</td>
</tr>
<tr><td>Total time:</td><td>60 seconds (60747 ms)</td>
</tr><tr>
<td>Included groups:</td><td></td>
</tr><tr>
<td>Excluded groups:</td><td></td>
</tr>
</table><p/>
<small><i>(Hover the method name to see the test class name)</i></small><p/>
<table width='100%' border='1' class='invocation-failed'>
<tr><td colspan='4' align='center'><b>FAILED TESTS</b></td></tr>
<tr><td><b>Test method</b></td>
<td width="30%"><b>Exception</b></td>
<td width="10%"><b>Time (seconds)</b></td>
<td><b>Instance</b></td>
</tr>
<tr>
<td title='com.totalgarciniadiscount.automation.Buy1CheckoutTest.buy1CheckoutTest()'><b>buy1CheckoutTest</b><br>Test class: com.totalgarciniadiscount.automation.Buy1CheckoutTest<br>Parameters: Abhik, Khandelwal, 301 mike avenue, Chicago, Illinois, 60601, Abhik.khandelwal01@gmail.com, 2147483647, 4987654321098769', Visa, 10, 2016, 123<br/>
<a href="#Output-109069556" onClick='toggleBox("Output-109069556", this, "Show output", "Hide output");'>Show output</a>

<a href="#Output-109069556" onClick="toggleAllBoxes();">Show all outputs</a>
<div class='log' id="Output-109069556">
Click on purchase link on home page <br/>
Entering Details into billing details form<br/>
</div>
</td>
<td><div><pre>java.lang.AssertionError: Unsucessful Transaction
	at com.totalgarciniadiscount.automation.Buy1CheckoutTest.buy1CheckoutTest(Buy1CheckoutTest.java:96)
... Removed 28 stack frames</pre></div><a href='#' onClick='toggleBox("stack-trace109069556", this, "Click to show all stack frames", "Click to hide stack frames")'>Click to show all stack frames</a>
<div class='stack-trace' id='stack-trace109069556'><pre>java.lang.AssertionError: Unsucessful Transaction
	at org.testng.Assert.fail(Assert.java:94)
	at com.totalgarciniadiscount.automation.Buy1CheckoutTest.buy1CheckoutTest(Buy1CheckoutTest.java:96)
	at sun.reflect.NativeMethodAccessorImpl.invoke0(Native Method)
	at sun.reflect.NativeMethodAccessorImpl.invoke(NativeMethodAccessorImpl.java:62)
	at sun.reflect.DelegatingMethodAccessorImpl.invoke(DelegatingMethodAccessorImpl.java:43)
	at java.lang.reflect.Method.invoke(Method.java:483)
	at org.testng.internal.MethodInvocationHelper.invokeMethod(MethodInvocationHelper.java:85)
	at org.testng.internal.Invoker.invokeMethod(Invoker.java:659)
	at org.testng.internal.Invoker.invokeTestMethod(Invoker.java:845)
	at org.testng.internal.Invoker.invokeTestMethods(Invoker.java:1153)
	at org.testng.internal.TestMethodWorker.invokeTestMethods(TestMethodWorker.java:125)
	at org.testng.internal.TestMethodWorker.run(TestMethodWorker.java:108)
	at org.testng.TestRunner.privateRun(TestRunner.java:771)
	at org.testng.TestRunner.run(TestRunner.java:621)
	at org.testng.SuiteRunner.runTest(SuiteRunner.java:357)
	at org.testng.SuiteRunner.runSequentially(SuiteRunner.java:352)
	at org.testng.SuiteRunner.privateRun(SuiteRunner.java:310)
	at org.testng.SuiteRunner.run(SuiteRunner.java:259)
	at org.testng.SuiteRunnerWorker.runSuite(SuiteRunnerWorker.java:52)
	at org.testng.SuiteRunnerWorker.run(SuiteRunnerWorker.java:86)
	at org.testng.TestNG.runSuitesSequentially(TestNG.java:1199)
	at org.testng.TestNG.runSuitesLocally(TestNG.java:1124)
	at org.testng.TestNG.run(TestNG.java:1032)
	at org.apache.maven.surefire.testng.TestNGExecutor.run(TestNGExecutor.java:295)
	at org.apache.maven.surefire.testng.TestNGXmlTestSuite.execute(TestNGXmlTestSuite.java:84)
	at org.apache.maven.surefire.testng.TestNGProvider.invoke(TestNGProvider.java:90)
	at org.apache.maven.surefire.booter.ForkedBooter.invokeProviderInSameClassLoader(ForkedBooter.java:203)
	at org.apache.maven.surefire.booter.ForkedBooter.runSuitesInProcess(ForkedBooter.java:155)
	at org.apache.maven.surefire.booter.ForkedBooter.main(ForkedBooter.java:103)
</pre></div></td>
<td>17</td>
<td>com.totalgarciniadiscount.automation.Buy1CheckoutTest@73f792cf</td></tr>
<tr>
<td title='com.totalgarciniadiscount.automation.Buy2CheckoutTest.buy2CheckoutTest()'><b>buy2CheckoutTest</b><br>Test class: com.totalgarciniadiscount.automation.Buy2CheckoutTest<br>Parameters: Abhik, Khandelwal, 301 mike avenue, Chicago, Illinois, 60601, Abhik.khandelwal01@gmail.com, 2147483647, 4987654321098769', Visa, 10, 2016, 123<br/>
<a href="#Output-50503805" onClick='toggleBox("Output-50503805", this, "Show output", "Hide output");'>Show output</a>

<a href="#Output-50503805" onClick="toggleAllBoxes();">Show all outputs</a>
<div class='log' id="Output-50503805">
Click on purchase link on home page <br/>
Click on add to cart button of buy two bottle<br/>
Entering Details into billing details form<br/>
</div>
</td>
<td><div><pre>java.lang.AssertionError: Unsucessful Transaction
	at com.totalgarciniadiscount.automation.Buy2CheckoutTest.buy2CheckoutTest(Buy2CheckoutTest.java:96)
... Removed 28 stack frames</pre></div><a href='#' onClick='toggleBox("stack-trace50503805", this, "Click to show all stack frames", "Click to hide stack frames")'>Click to show all stack frames</a>
<div class='stack-trace' id='stack-trace50503805'><pre>java.lang.AssertionError: Unsucessful Transaction
	at org.testng.Assert.fail(Assert.java:94)
	at com.totalgarciniadiscount.automation.Buy2CheckoutTest.buy2CheckoutTest(Buy2CheckoutTest.java:96)
	at sun.reflect.NativeMethodAccessorImpl.invoke0(Native Method)
	at sun.reflect.NativeMethodAccessorImpl.invoke(NativeMethodAccessorImpl.java:62)
	at sun.reflect.DelegatingMethodAccessorImpl.invoke(DelegatingMethodAccessorImpl.java:43)
	at java.lang.reflect.Method.invoke(Method.java:483)
	at org.testng.internal.MethodInvocationHelper.invokeMethod(MethodInvocationHelper.java:85)
	at org.testng.internal.Invoker.invokeMethod(Invoker.java:659)
	at org.testng.internal.Invoker.invokeTestMethod(Invoker.java:845)
	at org.testng.internal.Invoker.invokeTestMethods(Invoker.java:1153)
	at org.testng.internal.TestMethodWorker.invokeTestMethods(TestMethodWorker.java:125)
	at org.testng.internal.TestMethodWorker.run(TestMethodWorker.java:108)
	at org.testng.TestRunner.privateRun(TestRunner.java:771)
	at org.testng.TestRunner.run(TestRunner.java:621)
	at org.testng.SuiteRunner.runTest(SuiteRunner.java:357)
	at org.testng.SuiteRunner.runSequentially(SuiteRunner.java:352)
	at org.testng.SuiteRunner.privateRun(SuiteRunner.java:310)
	at org.testng.SuiteRunner.run(SuiteRunner.java:259)
	at org.testng.SuiteRunnerWorker.runSuite(SuiteRunnerWorker.java:52)
	at org.testng.SuiteRunnerWorker.run(SuiteRunnerWorker.java:86)
	at org.testng.TestNG.runSuitesSequentially(TestNG.java:1199)
	at org.testng.TestNG.runSuitesLocally(TestNG.java:1124)
	at org.testng.TestNG.run(TestNG.java:1032)
	at org.apache.maven.surefire.testng.TestNGExecutor.run(TestNGExecutor.java:295)
	at org.apache.maven.surefire.testng.TestNGXmlTestSuite.execute(TestNGXmlTestSuite.java:84)
	at org.apache.maven.surefire.testng.TestNGProvider.invoke(TestNGProvider.java:90)
	at org.apache.maven.surefire.booter.ForkedBooter.invokeProviderInSameClassLoader(ForkedBooter.java:203)
	at org.apache.maven.surefire.booter.ForkedBooter.runSuitesInProcess(ForkedBooter.java:155)
	at org.apache.maven.surefire.booter.ForkedBooter.main(ForkedBooter.java:103)
</pre></div></td>
<td>21</td>
<td>com.totalgarciniadiscount.automation.Buy2CheckoutTest@2f7a2457</td></tr>
<tr>
<td title='com.totalgarciniadiscount.automation.Buy3CheckoutTest.buy3CheckoutTest()'><b>buy3CheckoutTest</b><br>Test class: com.totalgarciniadiscount.automation.Buy3CheckoutTest<br>Parameters: Abhik, Khandelwal, 301 mike avenue, Chicago, Illinois, 60601, Abhik.khandelwal01@gmail.com, 2147483647, 4987654321098769', Visa, 10, 2016, 123<br/>
<a href="#Output-12905860" onClick='toggleBox("Output-12905860", this, "Show output", "Hide output");'>Show output</a>

<a href="#Output-12905860" onClick="toggleAllBoxes();">Show all outputs</a>
<div class='log' id="Output-12905860">
Click on purchase link on home page <br/>
Click on add to cart button of buy one bottle<br/>
Entering Details into billing details form<br/>
</div>
</td>
<td><div><pre>java.lang.AssertionError: Unsucessful Transaction 
	at com.totalgarciniadiscount.automation.Buy3CheckoutTest.buy3CheckoutTest(Buy3CheckoutTest.java:95)
... Removed 28 stack frames</pre></div><a href='#' onClick='toggleBox("stack-trace12905860", this, "Click to show all stack frames", "Click to hide stack frames")'>Click to show all stack frames</a>
<div class='stack-trace' id='stack-trace12905860'><pre>java.lang.AssertionError: Unsucessful Transaction 
	at org.testng.Assert.fail(Assert.java:94)
	at com.totalgarciniadiscount.automation.Buy3CheckoutTest.buy3CheckoutTest(Buy3CheckoutTest.java:95)
	at sun.reflect.NativeMethodAccessorImpl.invoke0(Native Method)
	at sun.reflect.NativeMethodAccessorImpl.invoke(NativeMethodAccessorImpl.java:62)
	at sun.reflect.DelegatingMethodAccessorImpl.invoke(DelegatingMethodAccessorImpl.java:43)
	at java.lang.reflect.Method.invoke(Method.java:483)
	at org.testng.internal.MethodInvocationHelper.invokeMethod(MethodInvocationHelper.java:85)
	at org.testng.internal.Invoker.invokeMethod(Invoker.java:659)
	at org.testng.internal.Invoker.invokeTestMethod(Invoker.java:845)
	at org.testng.internal.Invoker.invokeTestMethods(Invoker.java:1153)
	at org.testng.internal.TestMethodWorker.invokeTestMethods(TestMethodWorker.java:125)
	at org.testng.internal.TestMethodWorker.run(TestMethodWorker.java:108)
	at org.testng.TestRunner.privateRun(TestRunner.java:771)
	at org.testng.TestRunner.run(TestRunner.java:621)
	at org.testng.SuiteRunner.runTest(SuiteRunner.java:357)
	at org.testng.SuiteRunner.runSequentially(SuiteRunner.java:352)
	at org.testng.SuiteRunner.privateRun(SuiteRunner.java:310)
	at org.testng.SuiteRunner.run(SuiteRunner.java:259)
	at org.testng.SuiteRunnerWorker.runSuite(SuiteRunnerWorker.java:52)
	at org.testng.SuiteRunnerWorker.run(SuiteRunnerWorker.java:86)
	at org.testng.TestNG.runSuitesSequentially(TestNG.java:1199)
	at org.testng.TestNG.runSuitesLocally(TestNG.java:1124)
	at org.testng.TestNG.run(TestNG.java:1032)
	at org.apache.maven.surefire.testng.TestNGExecutor.run(TestNGExecutor.java:295)
	at org.apache.maven.surefire.testng.TestNGXmlTestSuite.execute(TestNGXmlTestSuite.java:84)
	at org.apache.maven.surefire.testng.TestNGProvider.invoke(TestNGProvider.java:90)
	at org.apache.maven.surefire.booter.ForkedBooter.invokeProviderInSameClassLoader(ForkedBooter.java:203)
	at org.apache.maven.surefire.booter.ForkedBooter.runSuitesInProcess(ForkedBooter.java:155)
	at org.apache.maven.surefire.booter.ForkedBooter.main(ForkedBooter.java:103)
</pre></div></td>
<td>21</td>
<td>com.totalgarciniadiscount.automation.Buy3CheckoutTest@79698539</td></tr>
</table><p>
</body>
</html>