<?xml version="1.0" encoding="UTF-8"?>
<testng-results skipped="0" failed="3" total="3" passed="0">
  <reporter-output>
    <line>
      <![CDATA[Click on purchase link on home page ]]>
    </line>
    <line>
      <![CDATA[Click on add to cart button of buy one bottle]]>
    </line>
    <line>
      <![CDATA[Entering Details into billing details form]]>
    </line>
    <line>
      <![CDATA[Click on purchase link on home page ]]>
    </line>
    <line>
      <![CDATA[Click on add to cart button of buy two bottle]]>
    </line>
    <line>
      <![CDATA[Entering Details into billing details form]]>
    </line>
    <line>
      <![CDATA[Click on purchase link on home page ]]>
    </line>
    <line>
      <![CDATA[Entering Details into billing details form]]>
    </line>
  </reporter-output>
  <suite name="Suite" duration-ms="60747" started-at="2015-08-04T07:08:34Z" finished-at="2015-08-04T07:09:35Z">
    <groups>
    </groups>
    <test name="Test" duration-ms="60747" started-at="2015-08-04T07:08:34Z" finished-at="2015-08-04T07:09:35Z">
      <class name="com.totalgarciniadiscount.automation.Buy3CheckoutTest">
        <test-method status="FAIL" signature="buy3CheckoutTest(java.lang.String, java.lang.String, java.lang.String, java.lang.String, java.lang.String, java.lang.String, java.lang.String, java.lang.String, java.lang.String, java.lang.String, java.lang.String, java.lang.String, java.lang.String)[pri:0, instance:com.totalgarciniadiscount.automation.Buy3CheckoutTest@79698539]" name="buy3CheckoutTest" duration-ms="21622" started-at="2015-08-04T12:38:34Z" data-provider="getData" finished-at="2015-08-04T12:38:56Z">
          <params>
            <param index="0">
              <value>
                <![CDATA[Abhik]]>
              </value>
            </param>
            <param index="1">
              <value>
                <![CDATA[Khandelwal]]>
              </value>
            </param>
            <param index="2">
              <value>
                <![CDATA[301 mike avenue]]>
              </value>
            </param>
            <param index="3">
              <value>
                <![CDATA[Chicago]]>
              </value>
            </param>
            <param index="4">
              <value>
                <![CDATA[Illinois]]>
              </value>
            </param>
            <param index="5">
              <value>
                <![CDATA[60601]]>
              </value>
            </param>
            <param index="6">
              <value>
                <![CDATA[Abhik.khandelwal01@gmail.com]]>
              </value>
            </param>
            <param index="7">
              <value>
                <![CDATA[2147483647]]>
              </value>
            </param>
            <param index="8">
              <value>
                <![CDATA[4987654321098769']]>
              </value>
            </param>
            <param index="9">
              <value>
                <![CDATA[Visa]]>
              </value>
            </param>
            <param index="10">
              <value>
                <![CDATA[10]]>
              </value>
            </param>
            <param index="11">
              <value>
                <![CDATA[2016]]>
              </value>
            </param>
            <param index="12">
              <value>
                <![CDATA[123]]>
              </value>
            </param>
          </params>
          <exception class="java.lang.AssertionError">
            <message>
              <![CDATA[Unsucessful Transaction ]]>
            </message>
            <full-stacktrace>
              <![CDATA[java.lang.AssertionError: Unsucessful Transaction 
	at org.testng.Assert.fail(Assert.java:94)
	at com.totalgarciniadiscount.automation.Buy3CheckoutTest.buy3CheckoutTest(Buy3CheckoutTest.java:95)
	at sun.reflect.NativeMethodAccessorImpl.invoke0(Native Method)
	at sun.reflect.NativeMethodAccessorImpl.invoke(NativeMethodAccessorImpl.java:62)
	at sun.reflect.DelegatingMethodAccessorImpl.invoke(DelegatingMethodAccessorImpl.java:43)
	at java.lang.reflect.Method.invoke(Method.java:483)
	at org.testng.internal.MethodInvocationHelper.invokeMethod(MethodInvocationHelper.java:85)
	at org.testng.internal.Invoker.invokeMethod(Invoker.java:659)
	at org.testng.internal.Invoker.invokeTestMethod(Invoker.java:845)
	at org.testng.internal.Invoker.invokeTestMethods(Invoker.java:1153)
	at org.testng.internal.TestMethodWorker.invokeTestMethods(TestMethodWorker.java:125)
	at org.testng.internal.TestMethodWorker.run(TestMethodWorker.java:108)
	at org.testng.TestRunner.privateRun(TestRunner.java:771)
	at org.testng.TestRunner.run(TestRunner.java:621)
	at org.testng.SuiteRunner.runTest(SuiteRunner.java:357)
	at org.testng.SuiteRunner.runSequentially(SuiteRunner.java:352)
	at org.testng.SuiteRunner.privateRun(SuiteRunner.java:310)
	at org.testng.SuiteRunner.run(SuiteRunner.java:259)
	at org.testng.SuiteRunnerWorker.runSuite(SuiteRunnerWorker.java:52)
	at org.testng.SuiteRunnerWorker.run(SuiteRunnerWorker.java:86)
	at org.testng.TestNG.runSuitesSequentially(TestNG.java:1199)
	at org.testng.TestNG.runSuitesLocally(TestNG.java:1124)
	at org.testng.TestNG.run(TestNG.java:1032)
	at org.apache.maven.surefire.testng.TestNGExecutor.run(TestNGExecutor.java:295)
	at org.apache.maven.surefire.testng.TestNGXmlTestSuite.execute(TestNGXmlTestSuite.java:84)
	at org.apache.maven.surefire.testng.TestNGProvider.invoke(TestNGProvider.java:90)
	at org.apache.maven.surefire.booter.ForkedBooter.invokeProviderInSameClassLoader(ForkedBooter.java:203)
	at org.apache.maven.surefire.booter.ForkedBooter.runSuitesInProcess(ForkedBooter.java:155)
	at org.apache.maven.surefire.booter.ForkedBooter.main(ForkedBooter.java:103)
]]>
            </full-stacktrace>
          </exception> <!-- java.lang.AssertionError -->
          <reporter-output>
            <line>
              <![CDATA[Click on purchase link on home page ]]>
            </line>
            <line>
              <![CDATA[Click on add to cart button of buy one bottle]]>
            </line>
            <line>
              <![CDATA[Entering Details into billing details form]]>
            </line>
          </reporter-output>
        </test-method> <!-- buy3CheckoutTest -->
      </class> <!-- com.totalgarciniadiscount.automation.Buy3CheckoutTest -->
      <class name="com.totalgarciniadiscount.automation.Buy1CheckoutTest">
        <test-method status="PASS" signature="doIHaveToSkip()[pri:0, instance:com.totalgarciniadiscount.automation.Buy1CheckoutTest@73f792cf]" name="doIHaveToSkip" is-config="true" duration-ms="14" started-at="2015-08-04T12:38:34Z" finished-at="2015-08-04T12:38:34Z">
          <reporter-output>
          </reporter-output>
        </test-method> <!-- doIHaveToSkip -->
        <test-method status="PASS" signature="doIHaveToSkip()[pri:0, instance:com.totalgarciniadiscount.automation.Buy2CheckoutTest@2f7a2457]" name="doIHaveToSkip" is-config="true" duration-ms="1" started-at="2015-08-04T12:38:34Z" finished-at="2015-08-04T12:38:34Z">
          <reporter-output>
          </reporter-output>
        </test-method> <!-- doIHaveToSkip -->
        <test-method status="PASS" signature="doIHaveToSkip()[pri:0, instance:com.totalgarciniadiscount.automation.Buy3CheckoutTest@79698539]" name="doIHaveToSkip" is-config="true" duration-ms="1" started-at="2015-08-04T12:38:34Z" finished-at="2015-08-04T12:38:34Z">
          <reporter-output>
          </reporter-output>
        </test-method> <!-- doIHaveToSkip -->
        <test-method status="FAIL" signature="buy1CheckoutTest(java.lang.String, java.lang.String, java.lang.String, java.lang.String, java.lang.String, java.lang.String, java.lang.String, java.lang.String, java.lang.String, java.lang.String, java.lang.String, java.lang.String, java.lang.String)[pri:0, instance:com.totalgarciniadiscount.automation.Buy1CheckoutTest@73f792cf]" name="buy1CheckoutTest" duration-ms="17819" started-at="2015-08-04T12:39:17Z" data-provider="getData" finished-at="2015-08-04T12:39:35Z">
          <params>
            <param index="0">
              <value>
                <![CDATA[Abhik]]>
              </value>
            </param>
            <param index="1">
              <value>
                <![CDATA[Khandelwal]]>
              </value>
            </param>
            <param index="2">
              <value>
                <![CDATA[301 mike avenue]]>
              </value>
            </param>
            <param index="3">
              <value>
                <![CDATA[Chicago]]>
              </value>
            </param>
            <param index="4">
              <value>
                <![CDATA[Illinois]]>
              </value>
            </param>
            <param index="5">
              <value>
                <![CDATA[60601]]>
              </value>
            </param>
            <param index="6">
              <value>
                <![CDATA[Abhik.khandelwal01@gmail.com]]>
              </value>
            </param>
            <param index="7">
              <value>
                <![CDATA[2147483647]]>
              </value>
            </param>
            <param index="8">
              <value>
                <![CDATA[4987654321098769']]>
              </value>
            </param>
            <param index="9">
              <value>
                <![CDATA[Visa]]>
              </value>
            </param>
            <param index="10">
              <value>
                <![CDATA[10]]>
              </value>
            </param>
            <param index="11">
              <value>
                <![CDATA[2016]]>
              </value>
            </param>
            <param index="12">
              <value>
                <![CDATA[123]]>
              </value>
            </param>
          </params>
          <exception class="java.lang.AssertionError">
            <message>
              <![CDATA[Unsucessful Transaction]]>
            </message>
            <full-stacktrace>
              <![CDATA[java.lang.AssertionError: Unsucessful Transaction
	at org.testng.Assert.fail(Assert.java:94)
	at com.totalgarciniadiscount.automation.Buy1CheckoutTest.buy1CheckoutTest(Buy1CheckoutTest.java:96)
	at sun.reflect.NativeMethodAccessorImpl.invoke0(Native Method)
	at sun.reflect.NativeMethodAccessorImpl.invoke(NativeMethodAccessorImpl.java:62)
	at sun.reflect.DelegatingMethodAccessorImpl.invoke(DelegatingMethodAccessorImpl.java:43)
	at java.lang.reflect.Method.invoke(Method.java:483)
	at org.testng.internal.MethodInvocationHelper.invokeMethod(MethodInvocationHelper.java:85)
	at org.testng.internal.Invoker.invokeMethod(Invoker.java:659)
	at org.testng.internal.Invoker.invokeTestMethod(Invoker.java:845)
	at org.testng.internal.Invoker.invokeTestMethods(Invoker.java:1153)
	at org.testng.internal.TestMethodWorker.invokeTestMethods(TestMethodWorker.java:125)
	at org.testng.internal.TestMethodWorker.run(TestMethodWorker.java:108)
	at org.testng.TestRunner.privateRun(TestRunner.java:771)
	at org.testng.TestRunner.run(TestRunner.java:621)
	at org.testng.SuiteRunner.runTest(SuiteRunner.java:357)
	at org.testng.SuiteRunner.runSequentially(SuiteRunner.java:352)
	at org.testng.SuiteRunner.privateRun(SuiteRunner.java:310)
	at org.testng.SuiteRunner.run(SuiteRunner.java:259)
	at org.testng.SuiteRunnerWorker.runSuite(SuiteRunnerWorker.java:52)
	at org.testng.SuiteRunnerWorker.run(SuiteRunnerWorker.java:86)
	at org.testng.TestNG.runSuitesSequentially(TestNG.java:1199)
	at org.testng.TestNG.runSuitesLocally(TestNG.java:1124)
	at org.testng.TestNG.run(TestNG.java:1032)
	at org.apache.maven.surefire.testng.TestNGExecutor.run(TestNGExecutor.java:295)
	at org.apache.maven.surefire.testng.TestNGXmlTestSuite.execute(TestNGXmlTestSuite.java:84)
	at org.apache.maven.surefire.testng.TestNGProvider.invoke(TestNGProvider.java:90)
	at org.apache.maven.surefire.booter.ForkedBooter.invokeProviderInSameClassLoader(ForkedBooter.java:203)
	at org.apache.maven.surefire.booter.ForkedBooter.runSuitesInProcess(ForkedBooter.java:155)
	at org.apache.maven.surefire.booter.ForkedBooter.main(ForkedBooter.java:103)
]]>
            </full-stacktrace>
          </exception> <!-- java.lang.AssertionError -->
          <reporter-output>
            <line>
              <![CDATA[Click on purchase link on home page ]]>
            </line>
            <line>
              <![CDATA[Entering Details into billing details form]]>
            </line>
          </reporter-output>
        </test-method> <!-- buy1CheckoutTest -->
      </class> <!-- com.totalgarciniadiscount.automation.Buy1CheckoutTest -->
      <class name="com.totalgarciniadiscount.automation.Buy2CheckoutTest">
        <test-method status="PASS" signature="initialize()[pri:0, instance:com.totalgarciniadiscount.automation.Buy2CheckoutTest@2f7a2457]" name="initialize" is-config="true" duration-ms="19196" started-at="2015-08-04T12:38:15Z" finished-at="2015-08-04T12:38:34Z">
          <reporter-output>
          </reporter-output>
        </test-method> <!-- initialize -->
        <test-method status="FAIL" signature="buy2CheckoutTest(java.lang.String, java.lang.String, java.lang.String, java.lang.String, java.lang.String, java.lang.String, java.lang.String, java.lang.String, java.lang.String, java.lang.String, java.lang.String, java.lang.String, java.lang.String)[pri:0, instance:com.totalgarciniadiscount.automation.Buy2CheckoutTest@2f7a2457]" name="buy2CheckoutTest" duration-ms="21247" started-at="2015-08-04T12:38:56Z" data-provider="getData" finished-at="2015-08-04T12:39:17Z">
          <params>
            <param index="0">
              <value>
                <![CDATA[Abhik]]>
              </value>
            </param>
            <param index="1">
              <value>
                <![CDATA[Khandelwal]]>
              </value>
            </param>
            <param index="2">
              <value>
                <![CDATA[301 mike avenue]]>
              </value>
            </param>
            <param index="3">
              <value>
                <![CDATA[Chicago]]>
              </value>
            </param>
            <param index="4">
              <value>
                <![CDATA[Illinois]]>
              </value>
            </param>
            <param index="5">
              <value>
                <![CDATA[60601]]>
              </value>
            </param>
            <param index="6">
              <value>
                <![CDATA[Abhik.khandelwal01@gmail.com]]>
              </value>
            </param>
            <param index="7">
              <value>
                <![CDATA[2147483647]]>
              </value>
            </param>
            <param index="8">
              <value>
                <![CDATA[4987654321098769']]>
              </value>
            </param>
            <param index="9">
              <value>
                <![CDATA[Visa]]>
              </value>
            </param>
            <param index="10">
              <value>
                <![CDATA[10]]>
              </value>
            </param>
            <param index="11">
              <value>
                <![CDATA[2016]]>
              </value>
            </param>
            <param index="12">
              <value>
                <![CDATA[123]]>
              </value>
            </param>
          </params>
          <exception class="java.lang.AssertionError">
            <message>
              <![CDATA[Unsucessful Transaction]]>
            </message>
            <full-stacktrace>
              <![CDATA[java.lang.AssertionError: Unsucessful Transaction
	at org.testng.Assert.fail(Assert.java:94)
	at com.totalgarciniadiscount.automation.Buy2CheckoutTest.buy2CheckoutTest(Buy2CheckoutTest.java:96)
	at sun.reflect.NativeMethodAccessorImpl.invoke0(Native Method)
	at sun.reflect.NativeMethodAccessorImpl.invoke(NativeMethodAccessorImpl.java:62)
	at sun.reflect.DelegatingMethodAccessorImpl.invoke(DelegatingMethodAccessorImpl.java:43)
	at java.lang.reflect.Method.invoke(Method.java:483)
	at org.testng.internal.MethodInvocationHelper.invokeMethod(MethodInvocationHelper.java:85)
	at org.testng.internal.Invoker.invokeMethod(Invoker.java:659)
	at org.testng.internal.Invoker.invokeTestMethod(Invoker.java:845)
	at org.testng.internal.Invoker.invokeTestMethods(Invoker.java:1153)
	at org.testng.internal.TestMethodWorker.invokeTestMethods(TestMethodWorker.java:125)
	at org.testng.internal.TestMethodWorker.run(TestMethodWorker.java:108)
	at org.testng.TestRunner.privateRun(TestRunner.java:771)
	at org.testng.TestRunner.run(TestRunner.java:621)
	at org.testng.SuiteRunner.runTest(SuiteRunner.java:357)
	at org.testng.SuiteRunner.runSequentially(SuiteRunner.java:352)
	at org.testng.SuiteRunner.privateRun(SuiteRunner.java:310)
	at org.testng.SuiteRunner.run(SuiteRunner.java:259)
	at org.testng.SuiteRunnerWorker.runSuite(SuiteRunnerWorker.java:52)
	at org.testng.SuiteRunnerWorker.run(SuiteRunnerWorker.java:86)
	at org.testng.TestNG.runSuitesSequentially(TestNG.java:1199)
	at org.testng.TestNG.runSuitesLocally(TestNG.java:1124)
	at org.testng.TestNG.run(TestNG.java:1032)
	at org.apache.maven.surefire.testng.TestNGExecutor.run(TestNGExecutor.java:295)
	at org.apache.maven.surefire.testng.TestNGXmlTestSuite.execute(TestNGXmlTestSuite.java:84)
	at org.apache.maven.surefire.testng.TestNGProvider.invoke(TestNGProvider.java:90)
	at org.apache.maven.surefire.booter.ForkedBooter.invokeProviderInSameClassLoader(ForkedBooter.java:203)
	at org.apache.maven.surefire.booter.ForkedBooter.runSuitesInProcess(ForkedBooter.java:155)
	at org.apache.maven.surefire.booter.ForkedBooter.main(ForkedBooter.java:103)
]]>
            </full-stacktrace>
          </exception> <!-- java.lang.AssertionError -->
          <reporter-output>
            <line>
              <![CDATA[Click on purchase link on home page ]]>
            </line>
            <line>
              <![CDATA[Click on add to cart button of buy two bottle]]>
            </line>
            <line>
              <![CDATA[Entering Details into billing details form]]>
            </line>
          </reporter-output>
        </test-method> <!-- buy2CheckoutTest -->
        <test-method status="PASS" signature="closeBrowser()[pri:0, instance:com.totalgarciniadiscount.automation.Buy2CheckoutTest@2f7a2457]" name="closeBrowser" is-config="true" duration-ms="5441" started-at="2015-08-04T12:39:35Z" finished-at="2015-08-04T12:39:40Z">
          <reporter-output>
          </reporter-output>
        </test-method> <!-- closeBrowser -->
      </class> <!-- com.totalgarciniadiscount.automation.Buy2CheckoutTest -->
    </test> <!-- Test -->
  </suite> <!-- Suite -->
</testng-results>
